<?xml version="1.0" encoding="UTF-8"?>
<!-- Generated by org.testng.reporters.JUnitReportReporter -->
<testsuite hostname="DESKTOP-D7C059L" failures="0" tests="1" name="Test.Day2" time="0.002" errors="0" timestamp="2020-02-10T11:13:13 EST" skipped="0">
  <testcase classname="Test.Day2" name="ploan" time="0.002"/>
  <system-out/>
</testsuite> <!-- Test.Day2 -->
