<?xml version="1.0" encoding="UTF-8"?>
<!-- Generated by org.testng.reporters.JUnitReportReporter -->
<testsuite hostname="DESKTOP-D7C059L" failures="0" tests="1" name="Test.Day1" time="0.006" errors="0" timestamp="2020-02-10T11:13:13 EST" skipped="0">
  <testcase classname="Test.Day1" name="Demo" time="0.006"/>
  <system-out/>
</testsuite> <!-- Test.Day1 -->
