<?xml version="1.0" encoding="UTF-8"?>
<!-- Generated by org.testng.reporters.JUnitReportReporter -->
<testsuite hostname="DESKTOP-D7C059L" failures="0" tests="3" name="Test.Day3" time="0.006" errors="0" timestamp="2020-02-10T11:13:13 EST" skipped="0">
  <testcase classname="Test.Day3" name="ApiLoginApicarloan" time="0.003"/>
  <system-out/>
  <testcase classname="Test.Day3" name="Websignincarloan" time="0.001"/>
  <system-out/>
  <testcase classname="Test.Day3" name="MobileLogincarloan" time="0.002"/>
  <system-out/>
</testsuite> <!-- Test.Day3 -->
